mode: set
project/e-commerce/features/product/usecase/productUsecase.go:12.68,16.2 1 1
project/e-commerce/features/product/usecase/productUsecase.go:18.90,21.2 2 1
project/e-commerce/features/product/usecase/productUsecase.go:23.79,24.108 1 1
project/e-commerce/features/product/usecase/productUsecase.go:27.2,28.17 2 1
project/e-commerce/features/product/usecase/productUsecase.go:24.108,26.3 1 1
project/e-commerce/features/product/usecase/productUsecase.go:31.85,34.2 2 1
project/e-commerce/features/product/usecase/productUsecase.go:36.104,38.22 2 1
project/e-commerce/features/product/usecase/productUsecase.go:41.2,41.22 1 1
project/e-commerce/features/product/usecase/productUsecase.go:44.2,45.23 2 1
project/e-commerce/features/product/usecase/productUsecase.go:48.2,48.29 1 1
project/e-commerce/features/product/usecase/productUsecase.go:51.2,52.17 2 1
project/e-commerce/features/product/usecase/productUsecase.go:38.22,40.3 1 1
project/e-commerce/features/product/usecase/productUsecase.go:41.22,43.3 1 1
project/e-commerce/features/product/usecase/productUsecase.go:45.23,47.3 1 1
project/e-commerce/features/product/usecase/productUsecase.go:48.29,50.3 1 1
project/e-commerce/features/product/usecase/productUsecase.go:55.84,58.2 2 0
project/e-commerce/features/product/usecase/productUsecase.go:60.88,63.2 2 1
