mode: set
project/e-commerce/features/user/usecase/logic.go:14.57,18.2 1 1
project/e-commerce/features/user/usecase/logic.go:20.67,21.21 1 1
project/e-commerce/features/user/usecase/logic.go:24.2,24.22 1 1
project/e-commerce/features/user/usecase/logic.go:27.2,27.25 1 1
project/e-commerce/features/user/usecase/logic.go:30.2,31.16 2 1
project/e-commerce/features/user/usecase/logic.go:34.2,36.16 3 1
project/e-commerce/features/user/usecase/logic.go:40.2,40.17 1 1
project/e-commerce/features/user/usecase/logic.go:21.21,23.3 1 1
project/e-commerce/features/user/usecase/logic.go:24.22,26.3 1 0
project/e-commerce/features/user/usecase/logic.go:27.25,29.3 1 0
project/e-commerce/features/user/usecase/logic.go:31.16,33.3 1 0
project/e-commerce/features/user/usecase/logic.go:36.16,38.3 1 1
project/e-commerce/features/user/usecase/logic.go:43.64,46.2 2 1
project/e-commerce/features/user/usecase/logic.go:48.77,51.2 2 1
project/e-commerce/features/user/usecase/logic.go:53.61,56.2 2 1
